c:\users\jabanto\source\repos\mensetbsw\mensetbsw\debug\mensetbsw.pch
c:\users\jabanto\source\repos\mensetbsw\mensetbsw\debug\vc141.pdb
c:\users\jabanto\source\repos\mensetbsw\mensetbsw\debug\vc141.idb
c:\users\jabanto\source\repos\mensetbsw\mensetbsw\debug\pch.obj
c:\users\jabanto\source\repos\mensetbsw\mensetbsw\debug\structures.obj
c:\users\jabanto\source\repos\mensetbsw\mensetbsw\debug\callconvention.obj
c:\users\jabanto\source\repos\mensetbsw\mensetbsw\debug\mensetbsw.obj
c:\users\jabanto\source\repos\mensetbsw\mensetbsw\debug\lm_emun_test.obj
c:\users\jabanto\source\repos\mensetbsw\mensetbsw\debug\lm_modul.obj
c:\users\jabanto\source\repos\mensetbsw\mensetbsw\debug\declareclass.obj
c:\users\jabanto\source\repos\mensetbsw\mensetbsw\debug\mfcclassmask.obj
c:\users\jabanto\source\repos\mensetbsw\debug\mensetbsw.exe
c:\users\jabanto\source\repos\mensetbsw\debug\mensetbsw.ilk
c:\users\jabanto\source\repos\mensetbsw\debug\mensetbsw.pdb
c:\users\jabanto\source\repos\mensetbsw\mensetbsw\debug\mensetbsw.tlog\cl.command.1.tlog
c:\users\jabanto\source\repos\mensetbsw\mensetbsw\debug\mensetbsw.tlog\cl.read.1.tlog
c:\users\jabanto\source\repos\mensetbsw\mensetbsw\debug\mensetbsw.tlog\cl.write.1.tlog
c:\users\jabanto\source\repos\mensetbsw\mensetbsw\debug\mensetbsw.tlog\link-cvtres.read.1.tlog
c:\users\jabanto\source\repos\mensetbsw\mensetbsw\debug\mensetbsw.tlog\link-cvtres.write.1.tlog
c:\users\jabanto\source\repos\mensetbsw\mensetbsw\debug\mensetbsw.tlog\link-rc.read.1.tlog
c:\users\jabanto\source\repos\mensetbsw\mensetbsw\debug\mensetbsw.tlog\link-rc.write.1.tlog
c:\users\jabanto\source\repos\mensetbsw\mensetbsw\debug\mensetbsw.tlog\link.16136-cvtres.read.1.tlog
c:\users\jabanto\source\repos\mensetbsw\mensetbsw\debug\mensetbsw.tlog\link.16136-cvtres.write.1.tlog
c:\users\jabanto\source\repos\mensetbsw\mensetbsw\debug\mensetbsw.tlog\link.16136-rc.read.1.tlog
c:\users\jabanto\source\repos\mensetbsw\mensetbsw\debug\mensetbsw.tlog\link.16136-rc.write.1.tlog
c:\users\jabanto\source\repos\mensetbsw\mensetbsw\debug\mensetbsw.tlog\link.16136.read.1.tlog
c:\users\jabanto\source\repos\mensetbsw\mensetbsw\debug\mensetbsw.tlog\link.16136.write.1.tlog
c:\users\jabanto\source\repos\mensetbsw\mensetbsw\debug\mensetbsw.tlog\link.command.1.tlog
c:\users\jabanto\source\repos\mensetbsw\mensetbsw\debug\mensetbsw.tlog\link.read.1.tlog
c:\users\jabanto\source\repos\mensetbsw\mensetbsw\debug\mensetbsw.tlog\link.write.1.tlog
